<?xml version="1.0" encoding="UTF-8"?>
<robot generator="Robot 7.1 (Python 3.12.6 on win32)" generated="2024-10-08T16:43:31.796776" rpa="false" schemaversion="5">
<suite id="s1" name="Crm" source="C:\Users\User\Udemy-Course-Robot-Framework-Selenium\crm\tests\crm.robot">
<test id="s1-t1" name="Should be able to add new customer" line="9">
<kw name="Set Selenium Speed" owner="SeleniumLibrary">
<arg>.2s</arg>
<doc>Sets the delay that is waited after each Selenium command.</doc>
<status status="PASS" start="2024-10-08T16:43:32.242207" elapsed="0.001051"/>
</kw>
<kw name="Set Selenium Timeout" owner="SeleniumLibrary">
<arg>10s</arg>
<doc>Sets the timeout that is used by various keywords.</doc>
<status status="PASS" start="2024-10-08T16:43:32.243258" elapsed="0.000000"/>
</kw>
<kw name="Log" owner="BuiltIn">
<msg time="2024-10-08T16:43:32.244260" level="INFO">Starting the test case</msg>
<arg>Starting the test case</arg>
<doc>Logs the given message with the given level.</doc>
<status status="PASS" start="2024-10-08T16:43:32.244260" elapsed="0.000000"/>
</kw>
<kw name="Open Browser" owner="SeleniumLibrary">
<msg time="2024-10-08T16:43:32.245260" level="INFO">Opening browser 'firefox' to base url 'https://automationplayground.com/crm/'.</msg>
<arg>https://automationplayground.com/crm/</arg>
<arg>firefox</arg>
<doc>Opens a new browser instance to the optional ``url``.</doc>
<status status="PASS" start="2024-10-08T16:43:32.245260" elapsed="11.851144"/>
</kw>
<kw name="Page Should Contain" owner="SeleniumLibrary">
<msg time="2024-10-08T16:43:44.539281" level="INFO">Current page contains text 'Customers Are Priority One'.</msg>
<arg>Customers Are Priority One</arg>
<doc>Verifies that current page contains ``text``.</doc>
<status status="PASS" start="2024-10-08T16:43:44.096404" elapsed="0.442877"/>
</kw>
<kw name="Click Link" owner="SeleniumLibrary">
<msg time="2024-10-08T16:43:44.540284" level="INFO">Clicking link 'Sign In'.</msg>
<arg>Sign In</arg>
<doc>Clicks a link identified by ``locator``.</doc>
<status status="PASS" start="2024-10-08T16:43:44.539281" elapsed="1.085644"/>
</kw>
<kw name="Page Should Contain" owner="SeleniumLibrary">
<msg time="2024-10-08T16:43:46.047348" level="INFO">Current page contains text 'Login'.</msg>
<arg>Login</arg>
<doc>Verifies that current page contains ``text``.</doc>
<status status="PASS" start="2024-10-08T16:43:45.625404" elapsed="0.421944"/>
</kw>
<kw name="Input Text" owner="SeleniumLibrary">
<msg time="2024-10-08T16:43:46.049363" level="INFO">Typing text 'admin@robotframeworktutorial.com' into text field 'id=email-id'.</msg>
<arg>id=email-id</arg>
<arg>admin@robotframeworktutorial.com</arg>
<doc>Types the given ``text`` into the text field identified by ``locator``.</doc>
<status status="PASS" start="2024-10-08T16:43:46.048355" elapsed="0.765553"/>
</kw>
<kw name="Input Text" owner="SeleniumLibrary">
<msg time="2024-10-08T16:43:46.815913" level="INFO">Typing text 'qwe' into text field 'id=password'.</msg>
<arg>id=password</arg>
<arg>qwe</arg>
<doc>Types the given ``text`` into the text field identified by ``locator``.</doc>
<status status="PASS" start="2024-10-08T16:43:46.814915" elapsed="0.666538"/>
</kw>
<kw name="Click Button" owner="SeleniumLibrary">
<msg time="2024-10-08T16:43:47.482451" level="INFO">Clicking button 'Submit'.</msg>
<arg>Submit</arg>
<doc>Clicks the button identified by ``locator``.</doc>
<status status="PASS" start="2024-10-08T16:43:47.481453" elapsed="1.361005"/>
</kw>
<kw name="Page Should Contain" owner="SeleniumLibrary">
<msg time="2024-10-08T16:43:49.257217" level="INFO">Current page contains text 'Our Happy Customers'.</msg>
<arg>Our Happy Customers</arg>
<doc>Verifies that current page contains ``text``.</doc>
<status status="PASS" start="2024-10-08T16:43:48.842735" elapsed="0.414482"/>
</kw>
<kw name="Click Link" owner="SeleniumLibrary">
<msg time="2024-10-08T16:43:49.259190" level="INFO">Clicking link 'id=new-customer'.</msg>
<arg>id=new-customer</arg>
<doc>Clicks a link identified by ``locator``.</doc>
<status status="PASS" start="2024-10-08T16:43:49.258190" elapsed="1.165354"/>
</kw>
<kw name="Page Should Contain" owner="SeleniumLibrary">
<msg time="2024-10-08T16:43:50.840023" level="INFO">Current page contains text 'Add Customer'.</msg>
<arg>Add Customer</arg>
<doc>Verifies that current page contains ``text``.</doc>
<status status="PASS" start="2024-10-08T16:43:50.423544" elapsed="0.416479"/>
</kw>
<kw name="Input Text" owner="SeleniumLibrary">
<msg time="2024-10-08T16:43:50.842277" level="INFO">Typing text 'john.doe@gmail.com' into text field 'id=EmailAddress'.</msg>
<arg>id=EmailAddress</arg>
<arg>john.doe@gmail.com</arg>
<doc>Types the given ``text`` into the text field identified by ``locator``.</doc>
<status status="PASS" start="2024-10-08T16:43:50.841013" elapsed="0.797147"/>
</kw>
<kw name="Input Text" owner="SeleniumLibrary">
<msg time="2024-10-08T16:43:51.638160" level="INFO">Typing text 'John' into text field 'id=FirstName'.</msg>
<arg>id=FirstName</arg>
<arg>John</arg>
<doc>Types the given ``text`` into the text field identified by ``locator``.</doc>
<status status="PASS" start="2024-10-08T16:43:51.638160" elapsed="0.684963"/>
</kw>
<kw name="Input Text" owner="SeleniumLibrary">
<msg time="2024-10-08T16:43:52.323123" level="INFO">Typing text 'Doe' into text field 'id=LastName'.</msg>
<arg>id=LastName</arg>
<arg>Doe</arg>
<doc>Types the given ``text`` into the text field identified by ``locator``.</doc>
<status status="PASS" start="2024-10-08T16:43:52.323123" elapsed="0.673963"/>
</kw>
<kw name="Input Text" owner="SeleniumLibrary">
<msg time="2024-10-08T16:43:52.998064" level="INFO">Typing text 'Dallas' into text field 'id=City'.</msg>
<arg>id=City</arg>
<arg>Dallas</arg>
<doc>Types the given ``text`` into the text field identified by ``locator``.</doc>
<status status="PASS" start="2024-10-08T16:43:52.998064" elapsed="0.676150"/>
</kw>
<kw name="Select From List By Value" owner="SeleniumLibrary">
<msg time="2024-10-08T16:43:53.675685" level="INFO">Selecting options from selection list 'id=StateOrRegion' by value TX.</msg>
<arg>id=StateOrRegion</arg>
<arg>TX</arg>
<doc>Selects options from selection list ``locator`` by ``values``.</doc>
<status status="PASS" start="2024-10-08T16:43:53.675685" elapsed="1.894203"/>
</kw>
<kw name="Select Radio Button" owner="SeleniumLibrary">
<msg time="2024-10-08T16:43:55.572120" level="INFO">Selecting 'female' from radio button 'gender'.</msg>
<arg>gender</arg>
<arg>female</arg>
<doc>Sets the radio button group ``group_name`` to ``value``.</doc>
<status status="PASS" start="2024-10-08T16:43:55.571112" elapsed="0.858622"/>
</kw>
<kw name="Select Checkbox" owner="SeleniumLibrary">
<msg time="2024-10-08T16:43:56.430741" level="INFO">Selecting checkbox 'name=promos-name'.</msg>
<arg>name=promos-name</arg>
<doc>Selects the checkbox identified by ``locator``.</doc>
<status status="PASS" start="2024-10-08T16:43:56.430741" elapsed="1.328724"/>
</kw>
<kw name="Click Button" owner="SeleniumLibrary">
<msg time="2024-10-08T16:43:57.761528" level="INFO">Clicking button 'Submit'.</msg>
<arg>Submit</arg>
<doc>Clicks the button identified by ``locator``.</doc>
<status status="PASS" start="2024-10-08T16:43:57.760406" elapsed="1.220486"/>
</kw>
<kw name="Wait Until Page Contains" owner="SeleniumLibrary">
<arg>Success! New customer added.</arg>
<doc>Waits until ``text`` appears on the current page.</doc>
<status status="PASS" start="2024-10-08T16:43:58.980892" elapsed="0.207060"/>
</kw>
<kw name="Sleep" owner="BuiltIn">
<msg time="2024-10-08T16:44:03.189413" level="INFO">Slept 4 seconds.</msg>
<arg>4s</arg>
<doc>Pauses the test executed for the given time.</doc>
<status status="PASS" start="2024-10-08T16:43:59.188967" elapsed="4.000446"/>
</kw>
<kw name="Close Browser" owner="SeleniumLibrary">
<doc>Closes the current browser.</doc>
<status status="PASS" start="2024-10-08T16:44:03.190344" elapsed="3.692377"/>
</kw>
<doc>This is some basic info about the test case</doc>
<tag>1006</tag>
<tag>Contacts</tag>
<tag>Smoke</tag>
<status status="PASS" start="2024-10-08T16:43:32.240141" elapsed="34.643767"/>
</test>
<doc>This is some basic information about the whole suite</doc>
<status status="PASS" start="2024-10-08T16:43:31.798757" elapsed="35.090156"/>
</suite>
<statistics>
<total>
<stat pass="1" fail="0" skip="0">All Tests</stat>
</total>
<tag>
<stat pass="1" fail="0" skip="0">1006</stat>
<stat pass="1" fail="0" skip="0">Contacts</stat>
<stat pass="1" fail="0" skip="0">Smoke</stat>
</tag>
<suite>
<stat pass="1" fail="0" skip="0" id="s1" name="Crm">Crm</stat>
</suite>
</statistics>
<errors>
</errors>
</robot>
